<?xml version="1.0" encoding="UTF-8"?>
<testng-results ignored="0" total="4" passed="4" failed="0" skipped="0">
  <reporter-output>
  </reporter-output>
  <suite started-at="2018-01-05T20:11:45Z" name="Suite" finished-at="2018-01-05T20:13:28Z" duration-ms="102765">
    <groups>
    </groups>
    <test started-at="2018-01-05T20:11:45Z" name="Test" finished-at="2018-01-05T20:13:28Z" duration-ms="102765">
      <class name="testcases.RegisterAndLogout">
        <test-method is-config="true" signature="openBrowser()[pri:0, instance:testcases.RegisterAndLogout@59af0466]" started-at="2018-01-06T01:43:07Z" name="openBrowser" finished-at="2018-01-06T01:43:14Z" duration-ms="6721" status="PASS">
          <reporter-output>
          </reporter-output>
        </test-method> <!-- openBrowser -->
        <test-method signature="createProfile()[pri:0, instance:testcases.RegisterAndLogout@59af0466]" started-at="2018-01-06T01:43:14Z" name="createProfile" finished-at="2018-01-06T01:43:27Z" duration-ms="13530" status="PASS">
          <reporter-output>
          </reporter-output>
        </test-method> <!-- createProfile -->
        <test-method is-config="true" signature="closeBrowser()[pri:0, instance:testcases.RegisterAndLogout@59af0466]" started-at="2018-01-06T01:43:27Z" name="closeBrowser" finished-at="2018-01-06T01:43:28Z" duration-ms="226" status="PASS">
          <reporter-output>
          </reporter-output>
        </test-method> <!-- closeBrowser -->
      </class> <!-- testcases.RegisterAndLogout -->
      <class name="testcases.AddItemToCart">
        <test-method is-config="true" signature="openBrowser()[pri:0, instance:testcases.AddItemToCart@34f7cfd9]" started-at="2018-01-06T01:42:05Z" name="openBrowser" finished-at="2018-01-06T01:42:12Z" duration-ms="6688" status="PASS">
          <reporter-output>
          </reporter-output>
        </test-method> <!-- openBrowser -->
        <test-method signature="addItemToCart()[pri:0, instance:testcases.AddItemToCart@34f7cfd9]" started-at="2018-01-06T01:42:12Z" name="addItemToCart" finished-at="2018-01-06T01:42:24Z" duration-ms="12407" status="PASS">
          <reporter-output>
          </reporter-output>
        </test-method> <!-- addItemToCart -->
        <test-method is-config="true" signature="closeBrowser()[pri:0, instance:testcases.AddItemToCart@34f7cfd9]" started-at="2018-01-06T01:42:24Z" name="closeBrowser" finished-at="2018-01-06T01:42:26Z" duration-ms="2114" status="PASS">
          <reporter-output>
          </reporter-output>
        </test-method> <!-- closeBrowser -->
      </class> <!-- testcases.AddItemToCart -->
      <class name="testcases.CreateAProfile">
        <test-method is-config="true" signature="openBrowser()[pri:0, instance:testcases.CreateAProfile@3a6bb9bf]" started-at="2018-01-06T01:41:45Z" name="openBrowser" finished-at="2018-01-06T01:41:52Z" duration-ms="7407" status="PASS">
          <reporter-output>
          </reporter-output>
        </test-method> <!-- openBrowser -->
        <test-method signature="createProfile()[pri:0, instance:testcases.CreateAProfile@3a6bb9bf]" started-at="2018-01-06T01:41:52Z" name="createProfile" finished-at="2018-01-06T01:42:05Z" duration-ms="12685" status="PASS">
          <reporter-output>
          </reporter-output>
        </test-method> <!-- createProfile -->
        <test-method is-config="true" signature="closeBrowser()[pri:0, instance:testcases.CreateAProfile@3a6bb9bf]" started-at="2018-01-06T01:42:05Z" name="closeBrowser" finished-at="2018-01-06T01:42:05Z" duration-ms="257" status="PASS">
          <reporter-output>
          </reporter-output>
        </test-method> <!-- closeBrowser -->
      </class> <!-- testcases.CreateAProfile -->
      <class name="testcases.AddCasualDressItemToCart">
        <test-method is-config="true" signature="openBrowser()[pri:0, instance:testcases.AddCasualDressItemToCart@65f095f8]" started-at="2018-01-06T01:42:26Z" name="openBrowser" finished-at="2018-01-06T01:42:33Z" duration-ms="6764" status="PASS">
          <reporter-output>
          </reporter-output>
        </test-method> <!-- openBrowser -->
        <test-method signature="addCasualDressItem()[pri:0, instance:testcases.AddCasualDressItemToCart@65f095f8]" started-at="2018-01-06T01:42:33Z" name="addCasualDressItem" finished-at="2018-01-06T01:43:05Z" duration-ms="31745" status="PASS">
          <reporter-output>
          </reporter-output>
        </test-method> <!-- addCasualDressItem -->
        <test-method is-config="true" signature="closeBrowser()[pri:0, instance:testcases.AddCasualDressItemToCart@65f095f8]" started-at="2018-01-06T01:43:05Z" name="closeBrowser" finished-at="2018-01-06T01:43:07Z" duration-ms="2191" status="PASS">
          <reporter-output>
          </reporter-output>
        </test-method> <!-- closeBrowser -->
      </class> <!-- testcases.AddCasualDressItemToCart -->
    </test> <!-- Test -->
  </suite> <!-- Suite -->
</testng-results>
