<?xml version="1.0" encoding="UTF-8"?>
<testng-results ignored="0" total="2" passed="2" failed="0" skipped="0">
  <reporter-output>
  </reporter-output>
  <suite started-at="2018-01-07T09:35:25Z" name="Default suite" finished-at="2018-01-07T09:35:53Z" duration-ms="28061">
    <groups>
    </groups>
    <test started-at="2018-01-07T09:35:25Z" name="Default test" finished-at="2018-01-07T09:35:53Z" duration-ms="28061">
      <class name="dbValidationCases.CreateProfileAndValidateDB">
        <test-method is-config="true" signature="openBrowser()[pri:0, instance:dbValidationCases.CreateProfileAndValidateDB@73ee04c8]" started-at="2018-01-07T15:05:25Z" name="openBrowser" finished-at="2018-01-07T15:05:33Z" duration-ms="7938" status="PASS">
          <reporter-output>
          </reporter-output>
        </test-method> <!-- openBrowser -->
        <test-method signature="createProfile()[pri:0, instance:dbValidationCases.CreateProfileAndValidateDB@73ee04c8]" started-at="2018-01-07T15:05:33Z" name="createProfile" finished-at="2018-01-07T15:05:51Z" duration-ms="18026" status="PASS">
          <reporter-output>
          </reporter-output>
        </test-method> <!-- createProfile -->
        <test-method signature="dnValidation()[pri:0, instance:dbValidationCases.CreateProfileAndValidateDB@73ee04c8]" started-at="2018-01-07T15:05:51Z" name="dnValidation" finished-at="2018-01-07T15:05:52Z" duration-ms="1769" status="PASS">
          <reporter-output>
          </reporter-output>
        </test-method> <!-- dnValidation -->
        <test-method is-config="true" signature="closeBrowser()[pri:0, instance:dbValidationCases.CreateProfileAndValidateDB@73ee04c8]" started-at="2018-01-07T15:05:52Z" name="closeBrowser" finished-at="2018-01-07T15:05:53Z" duration-ms="300" status="PASS">
          <reporter-output>
          </reporter-output>
        </test-method> <!-- closeBrowser -->
      </class> <!-- dbValidationCases.CreateProfileAndValidateDB -->
    </test> <!-- Default test -->
  </suite> <!-- Default suite -->
</testng-results>
