<?xml version="1.0" encoding="UTF-8"?>
<!-- Generated by org.testng.reporters.JUnitXMLReporter -->
<testsuite ignored="0" hostname="DESKTOP-GQ5M48D" failures="0" tests="4" name="Test" time="102.765" errors="0" timestamp="05 Jan 2018 20:13:28 GMT">
  <testcase classname="testcases.CreateAProfile" name="createProfile" time="12.685"/>
  <testcase classname="testcases.AddItemToCart" name="addItemToCart" time="12.407"/>
  <testcase classname="testcases.AddCasualDressItemToCart" name="addCasualDressItem" time="31.745"/>
  <testcase classname="testcases.RegisterAndLogout" name="createProfile" time="13.53"/>
</testsuite> <!-- Test -->
